# JRE version: OpenJDK Runtime Environment (8.0_112-b06) (build 1.8.0_112-release-b06)
# Java VM: OpenJDK 64-Bit Server VM (25.112-b06 mixed mode windows-amd64 compressed oops)
Heap:
 PSYoungGen      total 222720K, used 8160K [0x00000000e0000000, 0x00000000ef280000, 0x0000000100000000)
  eden space 197120K, 0% used [0x00000000e0000000,0x00000000e0000000,0x00000000ec080000)
  from space 25600K, 31% used [0x00000000ec080000,0x00000000ec878000,0x00000000ed980000)
  to   space 25600K, 0% used [0x00000000ed980000,0x00000000ed980000,0x00000000ef280000)
 ParOldGen       total 301568K, used 42692K [0x00000000a0000000, 0x00000000b2680000, 0x00000000e0000000)
  object space 301568K, 14% used [0x00000000a0000000,0x00000000a29b1038,0x00000000b2680000)
 Metaspace       used 62349K, capacity 64888K, committed 65152K, reserved 1105920K
  class space    used 8226K, capacity 8755K, committed 8832K, reserved 1048576K
GC Heap History (10 events):
Event: 10.460 GC heap after
Heap after GC invocations=12 (full 2):
 PSYoungGen      total 186368K, used 22203K [0x00000000e0000000, 0x00000000ee200000, 0x0000000100000000)
  eden space 161792K, 0% used [0x00000000e0000000,0x00000000e0000000,0x00000000e9e00000)
  from space 24576K, 90% used [0x00000000eb800000,0x00000000ecdaed68,0x00000000ed000000)
  to   space 26624K, 0% used [0x00000000e9e00000,0x00000000e9e00000,0x00000000eb800000)
 ParOldGen       total 207872K, used 32925K [0x00000000a0000000, 0x00000000acb00000, 0x00000000e0000000)
  object space 207872K, 15% used [0x00000000a0000000,0x00000000a2027688,0x00000000acb00000)
 Metaspace       used 56799K, capacity 59024K, committed 59136K, reserved 1099776K
  class space    used 7626K, capacity 8087K, committed 8192K, reserved 1048576K
}
Event: 10.460 GC heap before
{Heap before GC invocations=13 (full 3):
 PSYoungGen      total 186368K, used 22203K [0x00000000e0000000, 0x00000000ee200000, 0x0000000100000000)
  eden space 161792K, 0% used [0x00000000e0000000,0x00000000e0000000,0x00000000e9e00000)
  from space 24576K, 90% used [0x00000000eb800000,0x00000000ecdaed68,0x00000000ed000000)
  to   space 26624K, 0% used [0x00000000e9e00000,0x00000000e9e00000,0x00000000eb800000)
 ParOldGen       total 207872K, used 32925K [0x00000000a0000000, 0x00000000acb00000, 0x00000000e0000000)
  object space 207872K, 15% used [0x00000000a0000000,0x00000000a2027688,0x00000000acb00000)
 Metaspace       used 56799K, capacity 59024K, committed 59136K, reserved 1099776K
  class space    used 7626K, capacity 8087K, committed 8192K, reserved 1048576K
Event: 10.746 GC heap after
Heap after GC invocations=13 (full 3):
 PSYoungGen      total 186368K, used 0K [0x00000000e0000000, 0x00000000ee200000, 0x0000000100000000)
  eden space 161792K, 0% used [0x00000000e0000000,0x00000000e0000000,0x00000000e9e00000)
  from space 24576K, 0% used [0x00000000eb800000,0x00000000eb800000,0x00000000ed000000)
  to   space 26624K, 0% used [0x00000000e9e00000,0x00000000e9e00000,0x00000000eb800000)
 ParOldGen       total 301568K, used 42668K [0x00000000a0000000, 0x00000000b2680000, 0x00000000e0000000)
  object space 301568K, 14% used [0x00000000a0000000,0x00000000a29ab038,0x00000000b2680000)
 Metaspace       used 56799K, capacity 59024K, committed 59136K, reserved 1099776K
  class space    used 7626K, capacity 8087K, committed 8192K, reserved 1048576K
}
Event: 17.587 GC heap before
{Heap before GC invocations=14 (full 3):
 PSYoungGen      total 186368K, used 161792K [0x00000000e0000000, 0x00000000ee200000, 0x0000000100000000)
  eden space 161792K, 100% used [0x00000000e0000000,0x00000000e9e00000,0x00000000e9e00000)
  from space 24576K, 0% used [0x00000000eb800000,0x00000000eb800000,0x00000000ed000000)
  to   space 26624K, 0% used [0x00000000e9e00000,0x00000000e9e00000,0x00000000eb800000)
 ParOldGen       total 301568K, used 42668K [0x00000000a0000000, 0x00000000b2680000, 0x00000000e0000000)
  object space 301568K, 14% used [0x00000000a0000000,0x00000000a29ab038,0x00000000b2680000)
 Metaspace       used 61300K, capacity 63790K, committed 64000K, reserved 1103872K
  class space    used 8151K, capacity 8682K, committed 8704K, reserved 1048576K
Event: 17.594 GC heap after
Heap after GC invocations=14 (full 3):
 PSYoungGen      total 188416K, used 6192K [0x00000000e0000000, 0x00000000ef800000, 0x0000000100000000)
  eden space 161792K, 0% used [0x00000000e0000000,0x00000000e0000000,0x00000000e9e00000)
  from space 26624K, 23% used [0x00000000e9e00000,0x00000000ea40c2e0,0x00000000eb800000)
  to   space 26624K, 0% used [0x00000000ede00000,0x00000000ede00000,0x00000000ef800000)
 ParOldGen       total 301568K, used 42676K [0x00000000a0000000, 0x00000000b2680000, 0x00000000e0000000)
  object space 301568K, 14% used [0x00000000a0000000,0x00000000a29ad038,0x00000000b2680000)
 Metaspace       used 61300K, capacity 63790K, committed 64000K, reserved 1103872K
  class space    used 8151K, capacity 8682K, committed 8704K, reserved 1048576K
}
Event: 18.569 GC heap before
{Heap before GC invocations=15 (full 3):
 PSYoungGen      total 188416K, used 167984K [0x00000000e0000000, 0x00000000ef800000, 0x0000000100000000)
  eden space 161792K, 100% used [0x00000000e0000000,0x00000000e9e00000,0x00000000e9e00000)
  from space 26624K, 23% used [0x00000000e9e00000,0x00000000ea40c2e0,0x00000000eb800000)
  to   space 26624K, 0% used [0x00000000ede00000,0x00000000ede00000,0x00000000ef800000)
 ParOldGen       total 301568K, used 42676K [0x00000000a0000000, 0x00000000b2680000, 0x00000000e0000000)
  object space 301568K, 14% used [0x00000000a0000000,0x00000000a29ad038,0x00000000b2680000)
 Metaspace       used 61861K, capacity 64340K, committed 64640K, reserved 1105920K
  class space    used 8187K, capacity 8715K, committed 8832K, reserved 1048576K
Event: 18.578 GC heap after
Heap after GC invocations=15 (full 3):
 PSYoungGen      total 218112K, used 12187K [0x00000000e0000000, 0x00000000ef280000, 0x0000000100000000)
  eden space 197120K, 0% used [0x00000000e0000000,0x00000000e0000000,0x00000000ec080000)
  from space 20992K, 58% used [0x00000000ede00000,0x00000000ee9e6c38,0x00000000ef280000)
  to   space 25600K, 0% used [0x00000000ec080000,0x00000000ec080000,0x00000000ed980000)
 ParOldGen       total 301568K, used 42684K [0x00000000a0000000, 0x00000000b2680000, 0x00000000e0000000)
  object space 301568K, 14% used [0x00000000a0000000,0x00000000a29af038,0x00000000b2680000)
 Metaspace       used 61861K, capacity 64340K, committed 64640K, reserved 1105920K
  class space    used 8187K, capacity 8715K, committed 8832K, reserved 1048576K
}
Event: 67.254 GC heap before
{Heap before GC invocations=16 (full 3):
 PSYoungGen      total 218112K, used 123865K [0x00000000e0000000, 0x00000000ef280000, 0x0000000100000000)
  eden space 197120K, 56% used [0x00000000e0000000,0x00000000e6d0fb00,0x00000000ec080000)
  from space 20992K, 58% used [0x00000000ede00000,0x00000000ee9e6c38,0x00000000ef280000)
  to   space 25600K, 0% used [0x00000000ec080000,0x00000000ec080000,0x00000000ed980000)
 ParOldGen       total 301568K, used 42684K [0x00000000a0000000, 0x00000000b2680000, 0x00000000e0000000)
  object space 301568K, 14% used [0x00000000a0000000,0x00000000a29af038,0x00000000b2680000)
 Metaspace       used 62349K, capacity 64888K, committed 65152K, reserved 1105920K
  class space    used 8226K, capacity 8755K, committed 8832K, reserved 1048576K
Event: 67.264 GC heap after
Heap after GC invocations=16 (full 3):
 PSYoungGen      total 222720K, used 8160K [0x00000000e0000000, 0x00000000ef280000, 0x0000000100000000)
  eden space 197120K, 0% used [0x00000000e0000000,0x00000000e0000000,0x00000000ec080000)
  from space 25600K, 31% used [0x00000000ec080000,0x00000000ec878000,0x00000000ed980000)
  to   space 25600K, 0% used [0x00000000ed980000,0x00000000ed980000,0x00000000ef280000)
 ParOldGen       total 301568K, used 42692K [0x00000000a0000000, 0x00000000b2680000, 0x00000000e0000000)
  object space 301568K, 14% used [0x00000000a0000000,0x00000000a29b1038,0x00000000b2680000)
 Metaspace       used 62349K, capacity 64888K, committed 65152K, reserved 1105920K
  class space    used 8226K, capacity 8755K, committed 8832K, reserved 1048576K
}
Event: 67.264 GC heap before
{Heap before GC invocations=17 (full 4):
 PSYoungGen      total 222720K, used 8160K [0x00000000e0000000, 0x00000000ef280000, 0x0000000100000000)
  eden space 197120K, 0% used [0x00000000e0000000,0x00000000e0000000,0x00000000ec080000)
  from space 25600K, 31% used [0x00000000ec080000,0x00000000ec878000,0x00000000ed980000)
  to   space 25600K, 0% used [0x00000000ed980000,0x00000000ed980000,0x00000000ef280000)
 ParOldGen       total 301568K, used 42692K [0x00000000a0000000, 0x00000000b2680000, 0x00000000e0000000)
  object space 301568K, 14% used [0x00000000a0000000,0x00000000a29b1038,0x00000000b2680000)
 Metaspace       used 62349K, capacity 64888K, committed 65152K, reserved 1105920K
  class space    used 8226K, capacity 8755K, committed 8832K, reserved 1048576K

